Export Properties:
  Scale: 1
  Floating point precision: 0.000001
Exporting selected objects to BLB.
  Found 2 objects.
Processing definition objects.
  [WARNING:IOBLBW003] Brick name was supposed to be in the bounds definition object but no name (separated with a space) was found after the definition token, file name used instead.
  Defined brick size: 1 wide 1 deep 0 bricks and 1 plate tall
  [WARNING:IOBLBW004] No brick grid definitions found. Full cuboid brick grid may be undesirable.
  No custom collision definitions found.
  Using bounds as the collision cuboid.
Processing meshes.
  Exporting object: runescapemodel
    [WARNING:IOBLBW009] Face has UV coordinates but no brick texture was set in the material name, using SIDE by default.
    [WARNING:IOBLBW009] Face has UV coordinates but no brick texture was set in the material name, using SIDE by default.
    [WARNING:IOBLBW009] Face has UV coordinates but no brick texture was set in the material name, using SIDE by default.
    [WARNING:IOBLBW009] Face has UV coordinates but no brick texture was set in the material name, using SIDE by default.
    [WARNING:IOBLBW009] Face has UV coordinates but no brick texture was set in the material name, using SIDE by default.
    [WARNING:IOBLBW009] Face has UV coordinates but no brick texture was set in the material name, using SIDE by default.
    [WARNING:IOBLBW009] Face has UV coordinates but no brick texture was set in the material name, using SIDE by default.
    [WARNING:IOBLBW009] Face has UV coordinates but no brick texture was set in the material name, using SIDE by default.
    [WARNING:IOBLBW009] Face has UV coordinates but no brick texture was set in the material name, using SIDE by default.
    [WARNING:IOBLBW009] Face has UV coordinates but no brick texture was set in the material name, using SIDE by default.
    [WARNING:IOBLBW009] Face has UV coordinates but no brick texture was set in the material name, using SIDE by default.
    [WARNING:IOBLBW009] Face has UV coordinates but no brick texture was set in the material name, using SIDE by default.
    [WARNING:IOBLBW009] Face has UV coordinates but no brick texture was set in the material name, using SIDE by default.
    [WARNING:IOBLBW009] Face has UV coordinates but no brick texture was set in the material name, using SIDE by default.
    [WARNING:IOBLBW009] Face has UV coordinates but no brick texture was set in the material name, using SIDE by default.
    [WARNING:IOBLBW009] Face has UV coordinates but no brick texture was set in the material name, using SIDE by default.
    [WARNING:IOBLBW009] Face has UV coordinates but no brick texture was set in the material name, using SIDE by default.
    [WARNING:IOBLBW009] Face has UV coordinates but no brick texture was set in the material name, using SIDE by default.
    [WARNING:IOBLBW009] Face has UV coordinates but no brick texture was set in the material name, using SIDE by default.
    [WARNING:IOBLBW009] Face has UV coordinates but no brick texture was set in the material name, using SIDE by default.
    [WARNING:IOBLBW009] Face has UV coordinates but no brick texture was set in the material name, using SIDE by default.
    [WARNING:IOBLBW009] Face has UV coordinates but no brick texture was set in the material name, using SIDE by default.
    [WARNING:IOBLBW009] Face has UV coordinates but no brick texture was set in the material name, using SIDE by default.
    [WARNING:IOBLBW009] Face has UV coordinates but no brick texture was set in the material name, using SIDE by default.
    [WARNING:IOBLBW009] Face has UV coordinates but no brick texture was set in the material name, using SIDE by default.
    [WARNING:IOBLBW009] Face has UV coordinates but no brick texture was set in the material name, using SIDE by default.
    [WARNING:IOBLBW009] Face has UV coordinates but no brick texture was set in the material name, using SIDE by default.
    [WARNING:IOBLBW009] Face has UV coordinates but no brick texture was set in the material name, using SIDE by default.
    [WARNING:IOBLBW009] Face has UV coordinates but no brick texture was set in the material name, using SIDE by default.
    [WARNING:IOBLBW009] Face has UV coordinates but no brick texture was set in the material name, using SIDE by default.
    [WARNING:IOBLBW009] Face has UV coordinates but no brick texture was set in the material name, using SIDE by default.
    [WARNING:IOBLBW009] Face has UV coordinates but no brick texture was set in the material name, using SIDE by default.
    [WARNING:IOBLBW009] Face has UV coordinates but no brick texture was set in the material name, using SIDE by default.
    [WARNING:IOBLBW009] Face has UV coordinates but no brick texture was set in the material name, using SIDE by default.
    [WARNING:IOBLBW009] Face has UV coordinates but no brick texture was set in the material name, using SIDE by default.
    [WARNING:IOBLBW009] Face has UV coordinates but no brick texture was set in the material name, using SIDE by default.
    [WARNING:IOBLBW009] Face has UV coordinates but no brick texture was set in the material name, using SIDE by default.
    [WARNING:IOBLBW009] Face has UV coordinates but no brick texture was set in the material name, using SIDE by default.
    [WARNING:IOBLBW009] Face has UV coordinates but no brick texture was set in the material name, using SIDE by default.
    [WARNING:IOBLBW009] Face has UV coordinates but no brick texture was set in the material name, using SIDE by default.
    [WARNING:IOBLBW009] Face has UV coordinates but no brick texture was set in the material name, using SIDE by default.
    [WARNING:IOBLBW009] Face has UV coordinates but no brick texture was set in the material name, using SIDE by default.
    [WARNING:IOBLBW009] Face has UV coordinates but no brick texture was set in the material name, using SIDE by default.
    [WARNING:IOBLBW009] Face has UV coordinates but no brick texture was set in the material name, using SIDE by default.
    [WARNING:IOBLBW009] Face has UV coordinates but no brick texture was set in the material name, using SIDE by default.
    [WARNING:IOBLBW009] Face has UV coordinates but no brick texture was set in the material name, using SIDE by default.
    [WARNING:IOBLBW009] Face has UV coordinates but no brick texture was set in the material name, using SIDE by default.
    [WARNING:IOBLBW009] Face has UV coordinates but no brick texture was set in the material name, using SIDE by default.
    [WARNING:IOBLBW009] Face has UV coordinates but no brick texture was set in the material name, using SIDE by default.
    [WARNING:IOBLBW009] Face has UV coordinates but no brick texture was set in the material name, using SIDE by default.
    [WARNING:IOBLBW009] Face has UV coordinates but no brick texture was set in the material name, using SIDE by default.
    [WARNING:IOBLBW009] Face has UV coordinates but no brick texture was set in the material name, using SIDE by default.
    [WARNING:IOBLBW009] Face has UV coordinates but no brick texture was set in the material name, using SIDE by default.
    [WARNING:IOBLBW009] Face has UV coordinates but no brick texture was set in the material name, using SIDE by default.
    [WARNING:IOBLBW009] Face has UV coordinates but no brick texture was set in the material name, using SIDE by default.
    [WARNING:IOBLBW009] Face has UV coordinates but no brick texture was set in the material name, using SIDE by default.
    [WARNING:IOBLBW009] Face has UV coordinates but no brick texture was set in the material name, using SIDE by default.
    [WARNING:IOBLBW009] Face has UV coordinates but no brick texture was set in the material name, using SIDE by default.
    [WARNING:IOBLBW009] Face has UV coordinates but no brick texture was set in the material name, using SIDE by default.
    [WARNING:IOBLBW009] Face has UV coordinates but no brick texture was set in the material name, using SIDE by default.
    [WARNING:IOBLBW009] Face has UV coordinates but no brick texture was set in the material name, using SIDE by default.
    [WARNING:IOBLBW009] Face has UV coordinates but no brick texture was set in the material name, using SIDE by default.
    [WARNING:IOBLBW009] Face has UV coordinates but no brick texture was set in the material name, using SIDE by default.
    [WARNING:IOBLBW009] Face has UV coordinates but no brick texture was set in the material name, using SIDE by default.
    [WARNING:IOBLBW009] Face has UV coordinates but no brick texture was set in the material name, using SIDE by default.
    [WARNING:IOBLBW009] Face has UV coordinates but no brick texture was set in the material name, using SIDE by default.
    [WARNING:IOBLBW009] Face has UV coordinates but no brick texture was set in the material name, using SIDE by default.
    [WARNING:IOBLBW009] Face has UV coordinates but no brick texture was set in the material name, using SIDE by default.
    [WARNING:IOBLBW009] Face has UV coordinates but no brick texture was set in the material name, using SIDE by default.
    [WARNING:IOBLBW009] Face has UV coordinates but no brick texture was set in the material name, using SIDE by default.
    [WARNING:IOBLBW009] Face has UV coordinates but no brick texture was set in the material name, using SIDE by default.
    [WARNING:IOBLBW009] Face has UV coordinates but no brick texture was set in the material name, using SIDE by default.
    [WARNING:IOBLBW009] Face has UV coordinates but no brick texture was set in the material name, using SIDE by default.
    [WARNING:IOBLBW009] Face has UV coordinates but no brick texture was set in the material name, using SIDE by default.
    [WARNING:IOBLBW009] Face has UV coordinates but no brick texture was set in the material name, using SIDE by default.
    [WARNING:IOBLBW009] Face has UV coordinates but no brick texture was set in the material name, using SIDE by default.
    [WARNING:IOBLBW009] Face has UV coordinates but no brick texture was set in the material name, using SIDE by default.
    [WARNING:IOBLBW009] Face has UV coordinates but no brick texture was set in the material name, using SIDE by default.
    [WARNING:IOBLBW009] Face has UV coordinates but no brick texture was set in the material name, using SIDE by default.
    [WARNING:IOBLBW009] Face has UV coordinates but no brick texture was set in the material name, using SIDE by default.
    [WARNING:IOBLBW011] 80 triangles converted to quads.
  Brick quads: 80
Writing to file.
  Output file: C:\Users\AidanTM\Documents\Blockland\Add-Ons\Gamemode_Solar_Apoc_Expanded2\Modules\Matter\Bricks\GatherableCrystal.blb
